<?xml version="1.0" encoding="UTF-8"?>
<testng-results skipped="0" failed="0" ignored="0" total="2" passed="2">
  <reporter-output>
  </reporter-output>
  <suite name="Suite" duration-ms="38206" started-at="2020-05-18T12:34:24 IST" finished-at="2020-05-18T12:35:02 IST">
    <groups>
    </groups>
    <test name="Test" duration-ms="38206" started-at="2020-05-18T12:34:24 IST" finished-at="2020-05-18T12:35:02 IST">
      <class name="com.testcases.Testphp">
        <test-method status="PASS" signature="beforeMethod()[pri:0, instance:com.testcases.Testphp@1efed156]" name="beforeMethod" is-config="true" duration-ms="14402" started-at="2020-05-18T12:34:24 IST" finished-at="2020-05-18T12:34:39 IST">
          <reporter-output>
          </reporter-output>
        </test-method> <!-- beforeMethod -->
        <test-method status="PASS" signature="links()[pri:0, instance:com.testcases.Testphp@1efed156]" name="links" duration-ms="1029" started-at="2020-05-18T12:34:39 IST" finished-at="2020-05-18T12:34:40 IST">
          <reporter-output>
          </reporter-output>
        </test-method> <!-- links -->
        <test-method status="PASS" signature="takes_a_screenshot()[pri:0, instance:com.testcases.Testphp@1efed156]" name="takes_a_screenshot" is-config="true" duration-ms="4663" started-at="2020-05-18T12:34:40 IST" finished-at="2020-05-18T12:34:44 IST">
          <reporter-output>
          </reporter-output>
        </test-method> <!-- takes_a_screenshot -->
        <test-method status="PASS" signature="beforeMethod()[pri:0, instance:com.testcases.Testphp@1efed156]" name="beforeMethod" is-config="true" duration-ms="9754" started-at="2020-05-18T12:34:44 IST" finished-at="2020-05-18T12:34:54 IST">
          <reporter-output>
          </reporter-output>
        </test-method> <!-- beforeMethod -->
        <test-method status="PASS" signature="present()[pri:0, instance:com.testcases.Testphp@1efed156]" name="present" duration-ms="5835" started-at="2020-05-18T12:34:54 IST" finished-at="2020-05-18T12:35:00 IST">
          <reporter-output>
          </reporter-output>
        </test-method> <!-- present -->
        <test-method status="PASS" signature="takes_a_screenshot()[pri:0, instance:com.testcases.Testphp@1efed156]" name="takes_a_screenshot" is-config="true" duration-ms="2408" started-at="2020-05-18T12:35:00 IST" finished-at="2020-05-18T12:35:02 IST">
          <reporter-output>
          </reporter-output>
        </test-method> <!-- takes_a_screenshot -->
      </class> <!-- com.testcases.Testphp -->
    </test> <!-- Test -->
  </suite> <!-- Suite -->
</testng-results>
