<?xml version="1.0" encoding="UTF-8"?>
<testng-results skipped="0" failed="0" ignored="0" total="1" passed="1">
  <reporter-output>
  </reporter-output>
  <suite name="Suite" duration-ms="101430" started-at="2020-05-07T12:26:58 IST" finished-at="2020-05-07T12:28:40 IST">
    <groups>
    </groups>
    <test name="Test" duration-ms="101430" started-at="2020-05-07T12:26:58 IST" finished-at="2020-05-07T12:28:40 IST">
      <class name="com.testcases1.TestTuxedo">
        <test-method status="PASS" signature="startUp()[pri:0, instance:com.testcases1.TestTuxedo@7a187f14]" name="startUp" is-config="true" duration-ms="12904" started-at="2020-05-07T12:26:58 IST" finished-at="2020-05-07T12:27:11 IST">
          <reporter-output>
          </reporter-output>
        </test-method> <!-- startUp -->
        <test-method status="PASS" signature="login()[pri:0, instance:com.testcases1.TestTuxedo@7a187f14]" name="login" duration-ms="88426" started-at="2020-05-07T12:27:11 IST" finished-at="2020-05-07T12:28:40 IST">
          <reporter-output>
          </reporter-output>
        </test-method> <!-- login -->
      </class> <!-- com.testcases1.TestTuxedo -->
    </test> <!-- Test -->
  </suite> <!-- Suite -->
</testng-results>
