<?xml version="1.0" encoding="UTF-8"?>
<!-- Generated by org.testng.reporters.JUnitXMLReporter -->
<testsuite hostname="DESKTOP-QTMMO97" ignored="0" name="Test" tests="1" failures="1" timestamp="2020-05-07T11:26:46 IST" time="22.611" errors="0">
  <testcase name="Model" time="9.177" classname="com.Testcases.TestBMW">
    <failure type="java.lang.NoClassDefFoundError" message="org/apache/xmlbeans/XmlObject">
      <![CDATA[java.lang.NoClassDefFoundError: org/apache/xmlbeans/XmlObject
at com.pages.Bmwclass.condition(Bmwclass.java:76)
at com.Testcases.TestBMW.Model(TestBMW.java:27)
at java.util.ArrayList.forEach(Unknown Source)
Caused by: java.lang.ClassNotFoundException: org.apache.xmlbeans.XmlObject
at java.net.URLClassLoader.findClass(Unknown Source)
at java.lang.ClassLoader.loadClass(Unknown Source)
at sun.misc.Launcher$AppClassLoader.loadClass(Unknown Source)
at java.lang.ClassLoader.loadClass(Unknown Source)
... 30 more
... Removed 27 stack frames]]>
    </failure>
  </testcase> <!-- Model -->
</testsuite> <!-- Test -->
